app/build/outputs/logs/manifest-merger-debug-report.txt
-- Merging decision tree log ---
manifest
ADDED from src\main\AndroidManifest.xml:2:1-59:12
	xmlns:android
		ADDED from src\main\AndroidManifest.xml:2:11-69
	package
		ADDED from src\main\AndroidManifest.xml:3:5-38
		INJECTED from src\main\AndroidManifest.xml
		INJECTED from src\main\AndroidManifest.xml
	android:versionName
		INJECTED from src\main\AndroidManifest.xml
		INJECTED from src\main\AndroidManifest.xml
	android:versionCode
		INJECTED from src\main\AndroidManifest.xml
		INJECTED from src\main\AndroidManifest.xml
uses-permission#android.permission.INTERNET
ADDED from src\main\AndroidManifest.xml:5:5-67
	android:name
		ADDED from src\main\AndroidManifest.xml:5:22-64
uses-permission#android.permission.ACCESS_NETWORK_STATE
ADDED from src\main\AndroidManifest.xml:6:5-79
	android:name
		ADDED from src\main\AndroidManifest.xml:6:22-76
uses-permission#android.permission.ACCESS_COARSE_LOCATION
ADDED from src\main\AndroidManifest.xml:7:5-81
	android:name
		ADDED from src\main\AndroidManifest.xml:7:22-78
uses-permission#android.permission.ACCESS_FINE_LOCATION
ADDED from src\main\AndroidManifest.xml:8:5-79
	android:name
		ADDED from src\main\AndroidManifest.xml:8:22-76
uses-permission#android.permission.WRITE_EXTERNAL_STORAGE
ADDED from src\main\AndroidManifest.xml:9:5-81
	android:name
		ADDED from src\main\AndroidManifest.xml:9:22-78
uses-permission#com.google.android.providers.gsf.permission.READ_GSERVICES
ADDED from src\main\AndroidManifest.xml:10:5-98
	android:name
		ADDED from src\main\AndroidManifest.xml:10:22-95
application
ADDED from src\main\AndroidManifest.xml:12:5-57:19
MERGED from [com.android.support:appcompat-v7:23.2.0] AndroidManifest.xml:25:5-20
MERGED from [com.android.support:support-v4:23.2.0] AndroidManifest.xml:22:5-20
MERGED from [com.android.support:animated-vector-drawable:23.2.0] AndroidManifest.xml:7:5-20
MERGED from [com.android.support:support-vector-drawable:23.2.0] AndroidManifest.xml:7:5-20
MERGED from [com.android.support:support-v4:23.2.0] AndroidManifest.xml:22:5-20
MERGED from [com.android.support:support-vector-drawable:23.2.0] AndroidManifest.xml:7:5-20
MERGED from [com.android.support:support-v4:23.2.0] AndroidManifest.xml:22:5-20
MERGED from [com.google.android.gms:play-services:7.0.0] AndroidManifest.xml:19:5-20
MERGED from [com.google.android.gms:play-services-ads:7.0.0] AndroidManifest.xml:19:5-20
MERGED from [com.google.android.gms:play-services-base:7.0.0] AndroidManifest.xml:20:5-24:19
MERGED from [com.android.support:support-v4:23.2.0] AndroidManifest.xml:22:5-20
MERGED from [com.google.android.gms:play-services-analytics:7.0.0] AndroidManifest.xml:19:5-20
MERGED from [com.google.android.gms:play-services-base:7.0.0] AndroidManifest.xml:20:5-24:19
MERGED from [com.android.support:support-v4:23.2.0] AndroidManifest.xml:22:5-20
MERGED from [com.google.android.gms:play-services-analytics:7.0.0] AndroidManifest.xml:19:5-20
MERGED from [com.google.android.gms:play-services-base:7.0.0] AndroidManifest.xml:20:5-24:19
MERGED from [com.android.support:support-v4:23.2.0] AndroidManifest.xml:22:5-20
MERGED from [com.google.android.gms:play-services-appindexing:7.0.0] AndroidManifest.xml:19:5-20
MERGED from [com.google.android.gms:play-services-base:7.0.0] AndroidManifest.xml:20:5-24:19
MERGED from [com.android.support:support-v4:23.2.0] AndroidManifest.xml:22:5-20
MERGED from [com.google.android.gms:play-services-appstate:7.0.0] AndroidManifest.xml:19:5-20
MERGED from [com.google.android.gms:play-services-base:7.0.0] AndroidManifest.xml:20:5-24:19
MERGED from [com.android.support:support-v4:23.2.0] AndroidManifest.xml:22:5-20
MERGED from [com.google.android.gms:play-services-base:7.0.0] AndroidManifest.xml:20:5-24:19
MERGED from [com.android.support:support-v4:23.2.0] AndroidManifest.xml:22:5-20
MERGED from [com.google.android.gms:play-services-cast:7.0.0] AndroidManifest.xml:19:5-20
MERGED from [com.google.android.gms:play-services-base:7.0.0] AndroidManifest.xml:20:5-24:19
MERGED from [com.android.support:support-v4:23.2.0] AndroidManifest.xml:22:5-20
MERGED from [com.google.android.gms:play-services-drive:7.0.0] AndroidManifest.xml:19:5-20
MERGED from [com.google.android.gms:play-services-base:7.0.0] AndroidManifest.xml:20:5-24:19
MERGED from [com.android.support:support-v4:23.2.0] AndroidManifest.xml:22:5-20
MERGED from [com.google.android.gms:play-services-fitness:7.0.0] AndroidManifest.xml:19:5-20
MERGED from [com.google.android.gms:play-services-base:7.0.0] AndroidManifest.xml:20:5-24:19
MERGED from [com.android.support:support-v4:23.2.0] AndroidManifest.xml:22:5-20
MERGED from [com.google.android.gms:play-services-location:7.0.0] AndroidManifest.xml:19:5-20
MERGED from [com.google.android.gms:play-services-base:7.0.0] AndroidManifest.xml:20:5-24:19
MERGED from [com.android.support:support-v4:23.2.0] AndroidManifest.xml:22:5-20
MERGED from [com.google.android.gms:play-services-maps:7.0.0] AndroidManifest.xml:19:5-20
MERGED from [com.google.android.gms:play-services-base:7.0.0] AndroidManifest.xml:20:5-24:19
MERGED from [com.android.support:support-v4:23.2.0] AndroidManifest.xml:22:5-20
MERGED from [com.google.android.gms:play-services-games:7.0.0] AndroidManifest.xml:19:5-20
MERGED from [com.google.android.gms:play-services-base:7.0.0] AndroidManifest.xml:20:5-24:19
MERGED from [com.android.support:support-v4:23.2.0] AndroidManifest.xml:22:5-20
MERGED from [com.google.android.gms:play-services-drive:7.0.0] AndroidManifest.xml:19:5-20
MERGED from [com.google.android.gms:play-services-base:7.0.0] AndroidManifest.xml:20:5-24:19
MERGED from [com.android.support:support-v4:23.2.0] AndroidManifest.xml:22:5-20
MERGED from [com.google.android.gms:play-services-gcm:7.0.0] AndroidManifest.xml:19:5-20
MERGED from [com.google.android.gms:play-services-base:7.0.0] AndroidManifest.xml:20:5-24:19
MERGED from [com.android.support:support-v4:23.2.0] AndroidManifest.xml:22:5-20
MERGED from [com.google.android.gms:play-services-identity:7.0.0] AndroidManifest.xml:19:5-20
MERGED from [com.google.android.gms:play-services-base:7.0.0] AndroidManifest.xml:20:5-24:19
MERGED from [com.android.support:support-v4:23.2.0] AndroidManifest.xml:22:5-20
MERGED from [com.google.android.gms:play-services-location:7.0.0] AndroidManifest.xml:19:5-20
MERGED from [com.google.android.gms:play-services-base:7.0.0] AndroidManifest.xml:20:5-24:19
MERGED from [com.android.support:support-v4:23.2.0] AndroidManifest.xml:22:5-20
MERGED from [com.google.android.gms:play-services-maps:7.0.0] AndroidManifest.xml:19:5-20
MERGED from [com.google.android.gms:play-services-base:7.0.0] AndroidManifest.xml:20:5-24:19
MERGED from [com.android.support:support-v4:23.2.0] AndroidManifest.xml:22:5-20
MERGED from [com.google.android.gms:play-services-maps:7.0.0] AndroidManifest.xml:19:5-20
MERGED from [com.google.android.gms:play-services-base:7.0.0] AndroidManifest.xml:20:5-24:19
MERGED from [com.android.support:support-v4:23.2.0] AndroidManifest.xml:22:5-20
MERGED from [com.google.android.gms:play-services-nearby:7.0.0] AndroidManifest.xml:19:5-20
MERGED from [com.google.android.gms:play-services-base:7.0.0] AndroidManifest.xml:20:5-24:19
MERGED from [com.android.support:support-v4:23.2.0] AndroidManifest.xml:22:5-20
MERGED from [com.google.android.gms:play-services-panorama:7.0.0] AndroidManifest.xml:19:5-20
MERGED from [com.google.android.gms:play-services-base:7.0.0] AndroidManifest.xml:20:5-24:19
MERGED from [com.android.support:support-v4:23.2.0] AndroidManifest.xml:22:5-20
MERGED from [com.google.android.gms:play-services-plus:7.0.0] AndroidManifest.xml:19:5-20
MERGED from [com.google.android.gms:play-services-base:7.0.0] AndroidManifest.xml:20:5-24:19
MERGED from [com.android.support:support-v4:23.2.0] AndroidManifest.xml:22:5-20
MERGED from [com.google.android.gms:play-services-safetynet:7.0.0] AndroidManifest.xml:19:5-20
MERGED from [com.google.android.gms:play-services-base:7.0.0] AndroidManifest.xml:20:5-24:19
MERGED from [com.android.support:support-v4:23.2.0] AndroidManifest.xml:22:5-20
MERGED from [com.google.android.gms:play-services-wallet:7.0.0] AndroidManifest.xml:19:5-20
MERGED from [com.google.android.gms:play-services-base:7.0.0] AndroidManifest.xml:20:5-24:19
MERGED from [com.android.support:support-v4:23.2.0] AndroidManifest.xml:22:5-20
MERGED from [com.google.android.gms:play-services-identity:7.0.0] AndroidManifest.xml:19:5-20
MERGED from [com.google.android.gms:play-services-base:7.0.0] AndroidManifest.xml:20:5-24:19
MERGED from [com.android.support:support-v4:23.2.0] AndroidManifest.xml:22:5-20
MERGED from [com.google.android.gms:play-services-maps:7.0.0] AndroidManifest.xml:19:5-20
MERGED from [com.google.android.gms:play-services-base:7.0.0] AndroidManifest.xml:20:5-24:19
MERGED from [com.android.support:support-v4:23.2.0] AndroidManifest.xml:22:5-20
MERGED from [com.google.android.gms:play-services-wearable:7.0.0] AndroidManifest.xml:19:5-20
MERGED from [com.google.android.gms:play-services-base:7.0.0] AndroidManifest.xml:20:5-24:19
MERGED from [com.android.support:support-v4:23.2.0] AndroidManifest.xml:22:5-20
	android:label
		ADDED from src\main\AndroidManifest.xml:15:9-41
	android:allowBackup
		ADDED from src\main\AndroidManifest.xml:13:9-35
	android:icon
		ADDED from src\main\AndroidManifest.xml:14:9-43
	android:theme
		ADDED from src\main\AndroidManifest.xml:16:9-40
activity#com.example.lsg.navfriend20.navfriend.Main
ADDED from src\main\AndroidManifest.xml:17:9-25:20
	android:label
		ADDED from src\main\AndroidManifest.xml:19:13-45
	android:name
		ADDED from src\main\AndroidManifest.xml:18:13-70
intent-filter#android.intent.action.MAIN+android.intent.category.LAUNCHER
ADDED from src\main\AndroidManifest.xml:20:13-24:29
action#android.intent.action.MAIN
ADDED from src\main\AndroidManifest.xml:21:17-69
	android:name
		ADDED from src\main\AndroidManifest.xml:21:25-66
category#android.intent.category.LAUNCHER
ADDED from src\main\AndroidManifest.xml:23:17-77
	android:name
		ADDED from src\main\AndroidManifest.xml:23:27-74
activity#com.example.lsg.navfriend20.navfriend.CreateTravel
ADDED from src\main\AndroidManifest.xml:26:9-29:20
	android:label
		ADDED from src\main\AndroidManifest.xml:28:13-65
	android:name
		ADDED from src\main\AndroidManifest.xml:27:13-78
meta-data#com.google.android.gms.version
ADDED from src\main\AndroidManifest.xml:31:9-33:69
MERGED from [com.google.android.gms:play-services-base:7.0.0] AndroidManifest.xml:21:9-23:69
MERGED from [com.google.android.gms:play-services-base:7.0.0] AndroidManifest.xml:21:9-23:69
MERGED from [com.google.android.gms:play-services-base:7.0.0] AndroidManifest.xml:21:9-23:69
MERGED from [com.google.android.gms:play-services-base:7.0.0] AndroidManifest.xml:21:9-23:69
MERGED from [com.google.android.gms:play-services-base:7.0.0] AndroidManifest.xml:21:9-23:69
MERGED from [com.google.android.gms:play-services-base:7.0.0] AndroidManifest.xml:21:9-23:69
MERGED from [com.google.android.gms:play-services-base:7.0.0] AndroidManifest.xml:21:9-23:69
MERGED from [com.google.android.gms:play-services-base:7.0.0] AndroidManifest.xml:21:9-23:69
MERGED from [com.google.android.gms:play-services-base:7.0.0] AndroidManifest.xml:21:9-23:69
MERGED from [com.google.android.gms:play-services-base:7.0.0] AndroidManifest.xml:21:9-23:69
MERGED from [com.google.android.gms:play-services-base:7.0.0] AndroidManifest.xml:21:9-23:69
MERGED from [com.google.android.gms:play-services-base:7.0.0] AndroidManifest.xml:21:9-23:69
MERGED from [com.google.android.gms:play-services-base:7.0.0] AndroidManifest.xml:21:9-23:69
MERGED from [com.google.android.gms:play-services-base:7.0.0] AndroidManifest.xml:21:9-23:69
MERGED from [com.google.android.gms:play-services-base:7.0.0] AndroidManifest.xml:21:9-23:69
MERGED from [com.google.android.gms:play-services-base:7.0.0] AndroidManifest.xml:21:9-23:69
MERGED from [com.google.android.gms:play-services-base:7.0.0] AndroidManifest.xml:21:9-23:69
MERGED from [com.google.android.gms:play-services-base:7.0.0] AndroidManifest.xml:21:9-23:69
MERGED from [com.google.android.gms:play-services-base:7.0.0] AndroidManifest.xml:21:9-23:69
MERGED from [com.google.android.gms:play-services-base:7.0.0] AndroidManifest.xml:21:9-23:69
MERGED from [com.google.android.gms:play-services-base:7.0.0] AndroidManifest.xml:21:9-23:69
MERGED from [com.google.android.gms:play-services-base:7.0.0] AndroidManifest.xml:21:9-23:69
MERGED from [com.google.android.gms:play-services-base:7.0.0] AndroidManifest.xml:21:9-23:69
MERGED from [com.google.android.gms:play-services-base:7.0.0] AndroidManifest.xml:21:9-23:69
MERGED from [com.google.android.gms:play-services-base:7.0.0] AndroidManifest.xml:21:9-23:69
MERGED from [com.google.android.gms:play-services-base:7.0.0] AndroidManifest.xml:21:9-23:69
	android:name
		ADDED from src\main\AndroidManifest.xml:32:13-58
	android:value
		ADDED from src\main\AndroidManifest.xml:33:13-66
meta-data#com.google.android.maps.v2.API_KEY
ADDED from src\main\AndroidManifest.xml:34:9-36:71
	android:name
		ADDED from src\main\AndroidManifest.xml:35:13-62
	android:value
		ADDED from src\main\AndroidManifest.xml:36:13-68
activity#com.example.lsg.navfriend20.navfriend.TestAct
ADDED from src\main\AndroidManifest.xml:38:9-41:20
	android:label
		ADDED from src\main\AndroidManifest.xml:40:13-56
	android:name
		ADDED from src\main\AndroidManifest.xml:39:13-73
activity#com.example.lsg.navfriend20.navfriend.menu
ADDED from src\main\AndroidManifest.xml:42:9-45:20
	android:label
		ADDED from src\main\AndroidManifest.xml:44:13-56
	android:name
		ADDED from src\main\AndroidManifest.xml:43:13-70
activity#com.example.lsg.navfriend20.navfriend.MapNavfriend
ADDED from src\main\AndroidManifest.xml:46:9-49:20
	android:label
		ADDED from src\main\AndroidManifest.xml:48:13-65
	android:name
		ADDED from src\main\AndroidManifest.xml:47:13-78
activity#com.example.lsg.navfriend20.navfriend.FriendSelector
ADDED from src\main\AndroidManifest.xml:50:9-52:70
	android:label
		ADDED from src\main\AndroidManifest.xml:52:13-67
	android:name
		ADDED from src\main\AndroidManifest.xml:51:13-80
activity#com.example.lsg.navfriend20.navfriend.Settings
ADDED from src\main\AndroidManifest.xml:53:9-56:20
	android:label
		ADDED from src\main\AndroidManifest.xml:55:13-60
	android:name
		ADDED from src\main\AndroidManifest.xml:54:13-74
uses-sdk
INJECTED from src\main\AndroidManifest.xml reason: use-sdk injection requested
MERGED from [com.android.support:appcompat-v7:23.2.0] AndroidManifest.xml:21:5-23:78
MERGED from [com.android.support:support-v4:23.2.0] AndroidManifest.xml:20:5-43
MERGED from [com.android.support:animated-vector-drawable:23.2.0] AndroidManifest.xml:5:5-44
MERGED from [com.android.support:support-vector-drawable:23.2.0] AndroidManifest.xml:5:5-43
MERGED from [com.android.support:support-v4:23.2.0] AndroidManifest.xml:20:5-43
MERGED from [com.android.support:support-vector-drawable:23.2.0] AndroidManifest.xml:5:5-43
MERGED from [com.android.support:support-v4:23.2.0] AndroidManifest.xml:20:5-43
MERGED from [com.google.android.gms:play-services:7.0.0] AndroidManifest.xml:18:5-42
MERGED from [com.google.android.gms:play-services-ads:7.0.0] AndroidManifest.xml:18:5-42
MERGED from [com.google.android.gms:play-services-base:7.0.0] AndroidManifest.xml:18:5-42
MERGED from [com.android.support:support-v4:23.2.0] AndroidManifest.xml:20:5-43
MERGED from [com.google.android.gms:play-services-analytics:7.0.0] AndroidManifest.xml:18:5-42
MERGED from [com.google.android.gms:play-services-base:7.0.0] AndroidManifest.xml:18:5-42
MERGED from [com.android.support:support-v4:23.2.0] AndroidManifest.xml:20:5-43
MERGED from [com.google.android.gms:play-services-analytics:7.0.0] AndroidManifest.xml:18:5-42
MERGED from [com.google.android.gms:play-services-base:7.0.0] AndroidManifest.xml:18:5-42
MERGED from [com.android.support:support-v4:23.2.0] AndroidManifest.xml:20:5-43
MERGED from [com.google.android.gms:play-services-appindexing:7.0.0] AndroidManifest.xml:18:5-42
MERGED from [com.google.android.gms:play-services-base:7.0.0] AndroidManifest.xml:18:5-42
MERGED from [com.android.support:support-v4:23.2.0] AndroidManifest.xml:20:5-43
MERGED from [com.google.android.gms:play-services-appstate:7.0.0] AndroidManifest.xml:18:5-42
MERGED from [com.google.android.gms:play-services-base:7.0.0] AndroidManifest.xml:18:5-42
MERGED from [com.android.support:support-v4:23.2.0] AndroidManifest.xml:20:5-43
MERGED from [com.google.android.gms:play-services-base:7.0.0] AndroidManifest.xml:18:5-42
MERGED from [com.android.support:support-v4:23.2.0] AndroidManifest.xml:20:5-43
MERGED from [com.google.android.gms:play-services-cast:7.0.0] AndroidManifest.xml:18:5-42
MERGED from [com.google.android.gms:play-services-base:7.0.0] AndroidManifest.xml:18:5-42
MERGED from [com.android.support:support-v4:23.2.0] AndroidManifest.xml:20:5-43
MERGED from [com.google.android.gms:play-services-drive:7.0.0] AndroidManifest.xml:18:5-42
MERGED from [com.google.android.gms:play-services-base:7.0.0] AndroidManifest.xml:18:5-42
MERGED from [com.android.support:support-v4:23.2.0] AndroidManifest.xml:20:5-43
MERGED from [com.google.android.gms:play-services-fitness:7.0.0] AndroidManifest.xml:18:5-42
MERGED from [com.google.android.gms:play-services-base:7.0.0] AndroidManifest.xml:18:5-42
MERGED from [com.android.support:support-v4:23.2.0] AndroidManifest.xml:20:5-43
MERGED from [com.google.android.gms:play-services-location:7.0.0] AndroidManifest.xml:18:5-42
MERGED from [com.google.android.gms:play-services-base:7.0.0] AndroidManifest.xml:18:5-42
MERGED from [com.android.support:support-v4:23.2.0] AndroidManifest.xml:20:5-43
MERGED from [com.google.android.gms:play-services-maps:7.0.0] AndroidManifest.xml:18:5-42
MERGED from [com.google.android.gms:play-services-base:7.0.0] AndroidManifest.xml:18:5-42
MERGED from [com.android.support:support-v4:23.2.0] AndroidManifest.xml:20:5-43
MERGED from [com.google.android.gms:play-services-games:7.0.0] AndroidManifest.xml:18:5-42
MERGED from [com.google.android.gms:play-services-base:7.0.0] AndroidManifest.xml:18:5-42
MERGED from [com.android.support:support-v4:23.2.0] AndroidManifest.xml:20:5-43
MERGED from [com.google.android.gms:play-services-drive:7.0.0] AndroidManifest.xml:18:5-42
MERGED from [com.google.android.gms:play-services-base:7.0.0] AndroidManifest.xml:18:5-42
MERGED from [com.android.support:support-v4:23.2.0] AndroidManifest.xml:20:5-43
MERGED from [com.google.android.gms:play-services-gcm:7.0.0] AndroidManifest.xml:18:5-42
MERGED from [com.google.android.gms:play-services-base:7.0.0] AndroidManifest.xml:18:5-42
MERGED from [com.android.support:support-v4:23.2.0] AndroidManifest.xml:20:5-43
MERGED from [com.google.android.gms:play-services-identity:7.0.0] AndroidManifest.xml:18:5-42
MERGED from [com.google.android.gms:play-services-base:7.0.0] AndroidManifest.xml:18:5-42
MERGED from [com.android.support:support-v4:23.2.0] AndroidManifest.xml:20:5-43
MERGED from [com.google.android.gms:play-services-location:7.0.0] AndroidManifest.xml:18:5-42
MERGED from [com.google.android.gms:play-services-base:7.0.0] AndroidManifest.xml:18:5-42
MERGED from [com.android.support:support-v4:23.2.0] AndroidManifest.xml:20:5-43
MERGED from [com.google.android.gms:play-services-maps:7.0.0] AndroidManifest.xml:18:5-42
MERGED from [com.google.android.gms:play-services-base:7.0.0] AndroidManifest.xml:18:5-42
MERGED from [com.android.support:support-v4:23.2.0] AndroidManifest.xml:20:5-43
MERGED from [com.google.android.gms:play-services-maps:7.0.0] AndroidManifest.xml:18:5-42
MERGED from [com.google.android.gms:play-services-base:7.0.0] AndroidManifest.xml:18:5-42
MERGED from [com.android.support:support-v4:23.2.0] AndroidManifest.xml:20:5-43
MERGED from [com.google.android.gms:play-services-nearby:7.0.0] AndroidManifest.xml:18:5-42
MERGED from [com.google.android.gms:play-services-base:7.0.0] AndroidManifest.xml:18:5-42
MERGED from [com.android.support:support-v4:23.2.0] AndroidManifest.xml:20:5-43
MERGED from [com.google.android.gms:play-services-panorama:7.0.0] AndroidManifest.xml:18:5-42
MERGED from [com.google.android.gms:play-services-base:7.0.0] AndroidManifest.xml:18:5-42
MERGED from [com.android.support:support-v4:23.2.0] AndroidManifest.xml:20:5-43
MERGED from [com.google.android.gms:play-services-plus:7.0.0] AndroidManifest.xml:18:5-42
MERGED from [com.google.android.gms:play-services-base:7.0.0] AndroidManifest.xml:18:5-42
MERGED from [com.android.support:support-v4:23.2.0] AndroidManifest.xml:20:5-43
MERGED from [com.google.android.gms:play-services-safetynet:7.0.0] AndroidManifest.xml:18:5-42
MERGED from [com.google.android.gms:play-services-base:7.0.0] AndroidManifest.xml:18:5-42
MERGED from [com.android.support:support-v4:23.2.0] AndroidManifest.xml:20:5-43
MERGED from [com.google.android.gms:play-services-wallet:7.0.0] AndroidManifest.xml:18:5-42
MERGED from [com.google.android.gms:play-services-base:7.0.0] AndroidManifest.xml:18:5-42
MERGED from [com.android.support:support-v4:23.2.0] AndroidManifest.xml:20:5-43
MERGED from [com.google.android.gms:play-services-identity:7.0.0] AndroidManifest.xml:18:5-42
MERGED from [com.google.android.gms:play-services-base:7.0.0] AndroidManifest.xml:18:5-42
MERGED from [com.android.support:support-v4:23.2.0] AndroidManifest.xml:20:5-43
MERGED from [com.google.android.gms:play-services-maps:7.0.0] AndroidManifest.xml:18:5-42
MERGED from [com.google.android.gms:play-services-base:7.0.0] AndroidManifest.xml:18:5-42
MERGED from [com.android.support:support-v4:23.2.0] AndroidManifest.xml:20:5-43
MERGED from [com.google.android.gms:play-services-wearable:7.0.0] AndroidManifest.xml:18:5-42
MERGED from [com.google.android.gms:play-services-base:7.0.0] AndroidManifest.xml:18:5-42
MERGED from [com.android.support:support-v4:23.2.0] AndroidManifest.xml:20:5-43
	android:targetSdkVersion
		INJECTED from src\main\AndroidManifest.xml
		INJECTED from src\main\AndroidManifest.xml
	android:minSdkVersion
		INJECTED from src\main\AndroidManifest.xml
		INJECTED from src\main\AndroidManifest.xml
	tools:overrideLibrary
		ADDED from [com.android.support:appcompat-v7:23.2.0] AndroidManifest.xml:23:9-75